<?xml version="1.0" encoding="utf-8"?><testsuites><testsuite name="pytest" errors="1" failures="9" skipped="0" tests="25" time="9.937" timestamp="2026-06-03T21:24:10.104202" hostname="bgc-mbp-m1.lan"><testcase classname="" name="tests.test_phase7e3_cache_invalidation" time="0.000"><error message="collection failure">ImportError while importing test module '/Users/brennanconley/vibecode/wekadocs-matrix/tests/test_phase7e3_cache_invalidation.py'.
Hint: make sure your test modules/packages have valid Python names.
Traceback:
/opt/homebrew/Cellar/python@3.11/3.11.14_1/Frameworks/Python.framework/Versions/3.11/lib/python3.11/importlib/__init__.py:126: in import_module
    return _bootstrap._gcd_import(name[level:], package, level)
tests/test_phase7e3_cache_invalidation.py:27: in &lt;module&gt;
    from tools.redis_epoch_bump import (
E   ModuleNotFoundError: No module named 'tools.redis_epoch_bump'</error></testcase><testcase classname="tests.p1_t1_test" name="test_docker_compose_exists" time="0.007" /><testcase classname="tests.p1_t1_test" name="test_env_example_exists" time="0.000" /><testcase classname="tests.p1_t1_test" name="test_neo4j_connectivity" time="0.034" /><testcase classname="tests.p1_t1_test" name="test_redis_connectivity" time="0.007" /><testcase classname="tests.p1_t1_test" name="test_qdrant_connectivity" time="0.069" /><testcase classname="tests.p1_t1_test" name="test_health_endpoint" time="0.216" /><testcase classname="tests.p1_t1_test" name="test_readiness_endpoint" time="0.005" /><testcase classname="tests.p1_t1_test" name="test_data_persistence_after_restart" time="0.000" /><testcase classname="tests.p1_t2_test" name="test_mcp_initialize_endpoint" time="0.003"><failure message="assert 404 == 200&#10; +  where 404 = &lt;Response [404 Not Found]&gt;.status_code">E   assert 404 == 200
     +  where 404 = &lt;Response [404 Not Found]&gt;.status_code</failure></testcase><testcase classname="tests.p1_t2_test" name="test_mcp_tools_list_endpoint" time="0.003"><failure message="assert 404 == 200&#10; +  where 404 = &lt;Response [404 Not Found]&gt;.status_code">E   assert 404 == 200
     +  where 404 = &lt;Response [404 Not Found]&gt;.status_code</failure></testcase><testcase classname="tests.p1_t2_test" name="test_mcp_tools_call_endpoint" time="0.005"><failure message="assert 404 == 200&#10; +  where 404 = &lt;Response [404 Not Found]&gt;.status_code">E   assert 404 == 200
     +  where 404 = &lt;Response [404 Not Found]&gt;.status_code</failure></testcase><testcase classname="tests.p1_t2_test" name="test_correlation_id_header" time="0.002" /><testcase classname="tests.p1_t2_test" name="test_metrics_endpoint" time="0.003" /><testcase classname="tests.p1_t2_test" name="test_connection_pools_created" time="0.003" /><testcase classname="tests.p1_t2_test" name="test_async_connection_pools" time="0.006" /><testcase classname="tests.p1_t2_test" name="test_graceful_shutdown_handlers_exist" time="0.000" /><testcase classname="tests.p1_t2_test" name="test_structured_logging_configured" time="0.000" /><testcase classname="tests.p1_t2_test" name="test_opentelemetry_tracing_setup" time="0.000" /><testcase classname="tests.p1_t3_test" name="test_schema_creation" time="2.228"><failure message="assert False is True">E   assert False is True</failure></testcase><testcase classname="tests.p1_t3_test" name="test_constraints_exist" time="0.034"><failure message="AssertionError: Constraint section_id_unique not found&#10;assert 'section_id_unique' in ['answer_id_unique', 'capacitymetric_id_unique', 'chunk_id_unique', 'cloudprovider_id_unique', 'command_id_unique', 'component_id_unique', ...]">E   AssertionError: Constraint section_id_unique not found
    assert 'section_id_unique' in ['answer_id_unique', 'capacitymetric_id_unique', 'chunk_id_unique', 'cloudprovider_id_unique', 'command_id_unique', 'component_id_unique', ...]</failure></testcase><testcase classname="tests.p1_t3_test" name="test_indexes_exist" time="0.070"><failure message="AssertionError: Index section_document_id not found&#10;assert 'section_document_id' in ['answer_created_at', 'answer_id_unique', 'answer_user_feedback', 'capacitymetric_id_unique', 'chunk_doc_id', 'chunk_doc_order', ...]">E   AssertionError: Index section_document_id not found
    assert 'section_document_id' in ['answer_created_at', 'answer_id_unique', 'answer_user_feedback', 'capacitymetric_id_unique', 'chunk_doc_id', 'chunk_doc_order', ...]</failure></testcase><testcase classname="tests.p1_t3_test" name="test_vector_indexes_exist" time="0.039"><failure message="AssertionError: assert 'section_embeddings' in ['chunk_embeddings_v2', 'chunk_entity_embeddings_v1', 'chunk_title_embeddings_v1']">E   AssertionError: assert 'section_embeddings' in ['chunk_embeddings_v2', 'chunk_entity_embeddings_v1', 'chunk_title_embeddings_v1']</failure></testcase><testcase classname="tests.p1_t3_test" name="test_schema_version_node" time="0.001"><failure message="AttributeError: 'function' object has no attribute 'version'">E   AttributeError: 'function' object has no attribute 'version'</failure></testcase><testcase classname="tests.p1_t3_test" name="test_schema_idempotence" time="1.042"><failure message="assert False is True">E   assert False is True</failure></testcase></testsuite></testsuites>
