<?xml version="1.0" encoding="utf-8"?><testsuites><testsuite name="pytest" errors="0" failures="0" skipped="0" tests="10" time="45.444" timestamp="2025-11-03T01:05:55.243997" hostname="bgc-mbp-m1.local"><testcase classname="tests.integration.phase7e3_regression_pack.tests.test_phase7e3_regression_pack" name="test_regression_case[case01_steps_basic.md-Detailed instructions for completing step 2 installation REGPACK-01-expected0]" time="4.935" /><testcase classname="tests.integration.phase7e3_regression_pack.tests.test_phase7e3_regression_pack" name="test_regression_case[case02_deep_nesting.md-How do I set parameter X for the pipeline REGPACK-02-expected1]" time="4.231" /><testcase classname="tests.integration.phase7e3_regression_pack.tests.test_phase7e3_regression_pack" name="test_regression_case[case03_api_endpoints.md-Create a new user via API REGPACK-03-expected2]" time="3.771" /><testcase classname="tests.integration.phase7e3_regression_pack.tests.test_phase7e3_regression_pack" name="test_regression_case[case04_break_keywords.md-Apply a rolling update REGPACK-04-expected3]" time="4.019" /><testcase classname="tests.integration.phase7e3_regression_pack.tests.test_phase7e3_regression_pack" name="test_regression_case[case05_empty_parent.md-Install services REGPACK-05-expected4]" time="4.379" /><testcase classname="tests.integration.phase7e3_regression_pack.tests.test_phase7e3_regression_pack" name="test_regression_case[case06_duplicate_headings.md-Overview of the Payments module REGPACK-06-expected5]" time="6.042" /><testcase classname="tests.integration.phase7e3_regression_pack.tests.test_phase7e3_regression_pack" name="test_regression_case[case07_unicode_and_code.md-Proc\xe9dure d\u2019installation REGPACK-07-expected6]" time="4.003" /><testcase classname="tests.integration.phase7e3_regression_pack.tests.test_phase7e3_regression_pack" name="test_regression_case[case08_setext_headers.md-Execute step 2 REGPACK-08-expected7]" time="3.995" /><testcase classname="tests.integration.phase7e3_regression_pack.tests.test_phase7e3_regression_pack" name="test_regression_case[case09_tables_and_long.md-Tune timeout REGPACK-09-expected8]" time="3.943" /><testcase classname="tests.integration.phase7e3_regression_pack.tests.test_phase7e3_regression_pack" name="test_regression_case[case10_glossary_appendix.md-Assign roles REGPACK-10-expected9]" time="3.964" /></testsuite></testsuites>
